<?xml version="1.0" encoding="UTF-8"?>
<testng-results ignored="0" total="1" passed="1" failed="0" skipped="0">
  <reporter-output>
  </reporter-output>
  <suite started-at="2024-06-26T21:51:23 PDT" name="Suite" finished-at="2024-06-26T21:51:29 PDT" duration-ms="6206">
    <groups>
    </groups>
    <test started-at="2024-06-26T21:51:23 PDT" name="Test" finished-at="2024-06-26T21:51:29 PDT" duration-ms="6206">
      <class name="MyClassTest">
        <test-method signature="myMethod()[pri:0, instance:MyClassTest@5a45133e]" started-at="2024-06-26T21:51:23 PDT" name="myMethod" finished-at="2024-06-26T21:51:29 PDT" duration-ms="6173" status="PASS">
          <reporter-output>
          </reporter-output>
        </test-method> <!-- myMethod -->
      </class> <!-- MyClassTest -->
    </test> <!-- Test -->
  </suite> <!-- Suite -->
</testng-results>
