<?xml version="1.0" encoding="UTF-8"?>
<testng-results ignored="0" total="1" passed="1" failed="0" skipped="0">
  <reporter-output>
  </reporter-output>
  <suite started-at="2024-06-16T05:31:45Z" name="Suite" finished-at="2024-06-16T05:31:49Z" duration-ms="3441">
    <groups>
    </groups>
    <test started-at="2024-06-16T05:31:45Z" name="Test" finished-at="2024-06-16T05:31:49Z" duration-ms="3441">
      <class name="MyClassTest">
        <test-method signature="myMethod()[pri:0, instance:MyClassTest@416c58f5]" started-at="2024-06-16T05:31:45Z" name="myMethod" finished-at="2024-06-16T05:31:49Z" duration-ms="3426" status="PASS">
          <reporter-output>
          </reporter-output>
        </test-method> <!-- myMethod -->
      </class> <!-- MyClassTest -->
    </test> <!-- Test -->
  </suite> <!-- Suite -->
</testng-results>
