<?xml version="1.0" encoding="UTF-8"?>
<testng-results ignored="0" total="1" passed="1" failed="0" skipped="0">
  <reporter-output>
  </reporter-output>
  <suite started-at="2024-06-26T20:11:15 PDT" name="Default suite" finished-at="2024-06-26T20:11:19 PDT" duration-ms="4006">
    <groups>
    </groups>
    <test started-at="2024-06-26T20:11:15 PDT" name="Default test" finished-at="2024-06-26T20:11:19 PDT" duration-ms="4006">
      <class name="MyClassTest">
        <test-method signature="myMethod()[pri:0, instance:MyClassTest@33bc72d1]" started-at="2024-06-26T20:11:15 PDT" name="myMethod" finished-at="2024-06-26T20:11:19 PDT" duration-ms="3958" status="PASS">
          <reporter-output>
          </reporter-output>
        </test-method> <!-- myMethod -->
      </class> <!-- MyClassTest -->
    </test> <!-- Default test -->
  </suite> <!-- Default suite -->
</testng-results>
