<?xml version="1.0" encoding="UTF-8"?>
<testng-results ignored="0" total="1" passed="1" failed="0" skipped="0">
  <reporter-output>
  </reporter-output>
  <suite started-at="2024-06-16T05:30:55Z" name="Suite" finished-at="2024-06-16T05:30:59Z" duration-ms="3606">
    <groups>
    </groups>
    <test started-at="2024-06-16T05:30:55Z" name="Test" finished-at="2024-06-16T05:30:59Z" duration-ms="3606">
      <class name="MyClassTest">
        <test-method signature="myMethod()[pri:0, instance:MyClassTest@5bf0fe62]" started-at="2024-06-16T05:30:55Z" name="myMethod" finished-at="2024-06-16T05:30:59Z" duration-ms="3588" status="PASS">
          <reporter-output>
          </reporter-output>
        </test-method> <!-- myMethod -->
      </class> <!-- MyClassTest -->
    </test> <!-- Test -->
  </suite> <!-- Suite -->
</testng-results>
